{"/Users/andisultan/Github/react-tdd-and-dsa-cardio/src/App.tsx": {"path":"/Users/andisultan/Github/react-tdd-and-dsa-cardio/src/App.tsx","statementMap":{"0":{"start":{"line":7,"column":28},"end":{"line":7,"column":null}},"1":{"start":{"line":21,"column":31},"end":{"line":21,"column":63}},"2":{"start":{"line":21,"column":51},"end":{"line":21,"column":63}}},"fnMap":{"0":{"name":"App","decl":{"start":{"line":6,"column":9},"end":{"line":6,"column":null}},"loc":{"start":{"line":6,"column":9},"end":{"line":33,"column":null}}},"1":{"name":"(anonymous_1)","decl":{"start":{"line":21,"column":25},"end":{"line":21,"column":31}},"loc":{"start":{"line":21,"column":31},"end":{"line":21,"column":63}}},"2":{"name":"(anonymous_2)","decl":{"start":{"line":21,"column":40},"end":{"line":21,"column":41}},"loc":{"start":{"line":21,"column":51},"end":{"line":21,"column":63}}}},"branchMap":{},"s":{"0":4,"1":1,"2":1},"f":{"0":4,"1":1,"2":1},"b":{}}
,"/Users/andisultan/Github/react-tdd-and-dsa-cardio/src/utils/sum.ts": {"path":"/Users/andisultan/Github/react-tdd-and-dsa-cardio/src/utils/sum.ts","statementMap":{"0":{"start":{"line":2,"column":4},"end":{"line":2,"column":null}}},"fnMap":{"0":{"name":"sum","decl":{"start":{"line":1,"column":24},"end":{"line":1,"column":28}},"loc":{"start":{"line":1,"column":47},"end":{"line":3,"column":null}}}},"branchMap":{},"s":{"0":1},"f":{"0":1},"b":{}}
}
